Arguments: 
  C:\Program Files\nodejs\node.exe C:\Users\b003438\AppData\Roaming\npm\node_modules\yarn\bin\yarn.js jsonwebtoken express body-parser

PATH: 
  C:\Users\b003438\Downloads\cmder\bin;C:\Users\b003438\Downloads\cmder\vendor\conemu-maximus5\ConEmu\Scripts;C:\Users\b003438\Downloads\cmder\vendor\conemu-maximus5;C:\Users\b003438\Downloads\cmder\vendor\conemu-maximus5\ConEmu;C:\Program Files (x86)\Common Files\Oracle\Java\javapath;C:\gurobi702\win64\bin;C:\WINDOWS\system32;C:\WINDOWS;C:\WINDOWS\System32\Wbem;C:\WINDOWS\System32\WindowsPowerShell\v1.0\;Y:\oracle\ora92\BIN;C:\Program Files\TortoiseSVN\bin;C:\Program Files\Git\cmd;C:\Python27;C:\Python27\Lib;C:\Program Files\PuTTY\;C:\Program Files\nodejs\;C:\Program Files\Microsoft VS Code\bin;C:\Program Files\Java\jdk1.8.0_181\bin;C:\Users\b003438\scoop\shims;C:\Ruby24-x64\bin;C:\Users\b003438\AppData\Local\Microsoft\WindowsApps;C:\Program Files\Microsoft VS Code\bin;C:\Users\b003438\AppData\Roaming\npm;C:\Program Files\Java\jdk1.8.0_181\bin;;C:\Program Files\Git\usr\bin;C:\Program Files\Git\usr\share\vim\vim74;C:\Users\b003438\Downloads\cmder\

Yarn version: 
  1.5.1

Node version: 
  8.9.2

Platform: 
  win32 x64

npm manifest: 
  {
    "name": "jwt-test",
    "version": "1.0.0",
    "description": "",
    "main": "server.js",
    "scripts": {
      "test": "echo \"Error: no test specified\" && exit 1"
    },
    "author": "collin p",
    "license": "ISC"
  }

yarn manifest: 
  No manifest

Lockfile: 
  No lockfile

Trace: 
  Error: Command "jsonwebtoken" not found.
      at new MessageError (C:\Users\b003438\AppData\Roaming\npm\node_modules\yarn\lib\cli.js:186:110)
      at C:\Users\b003438\AppData\Roaming\npm\node_modules\yarn\lib\cli.js:87307:17
      at Generator.next (<anonymous>)
      at step (C:\Users\b003438\AppData\Roaming\npm\node_modules\yarn\lib\cli.js:98:30)
      at C:\Users\b003438\AppData\Roaming\npm\node_modules\yarn\lib\cli.js:116:14
      at new Promise (<anonymous>)
      at new F (C:\Users\b003438\AppData\Roaming\npm\node_modules\yarn\lib\cli.js:23451:28)
      at C:\Users\b003438\AppData\Roaming\npm\node_modules\yarn\lib\cli.js:95:12
      at runCommand (C:\Users\b003438\AppData\Roaming\npm\node_modules\yarn\lib\cli.js:87312:22)
      at Object.<anonymous> (C:\Users\b003438\AppData\Roaming\npm\node_modules\yarn\lib\cli.js:87412:14)
